0 info it worked if it ends with ok
1 verbose cli [ 'node', '/home/davy/.nvm/v0.10.38/bin/npm', 'run', 'unit' ]
2 info using npm@2.10.0
3 info using node@v0.10.38
4 verbose run-script [ 'preunit', 'unit', 'postunit' ]
5 info preunit qipp-services-resource@0.1.0
6 info unit qipp-services-resource@0.1.0
7 verbose unsafe-perm in lifecycle true
8 info qipp-services-resource@0.1.0 Failed to exec unit script
9 verbose stack Error: qipp-services-resource@0.1.0 unit: `karma start`
9 verbose stack Exit status 1
9 verbose stack     at EventEmitter.<anonymous> (/home/davy/.nvm/v0.10.38/lib/node_modules/npm/lib/utils/lifecycle.js:213:16)
9 verbose stack     at EventEmitter.emit (events.js:98:17)
9 verbose stack     at ChildProcess.<anonymous> (/home/davy/.nvm/v0.10.38/lib/node_modules/npm/lib/utils/spawn.js:24:14)
9 verbose stack     at ChildProcess.emit (events.js:98:17)
9 verbose stack     at maybeClose (child_process.js:766:16)
9 verbose stack     at Process.ChildProcess._handle.onexit (child_process.js:833:5)
10 verbose pkgid qipp-services-resource@0.1.0
11 verbose cwd /home/davy/Dev/qipp-modules/qipp-services-resource
12 error Linux 3.13.0-55-generic
13 error argv "node" "/home/davy/.nvm/v0.10.38/bin/npm" "run" "unit"
14 error node v0.10.38
15 error npm  v2.10.0
16 error code ELIFECYCLE
17 error qipp-services-resource@0.1.0 unit: `karma start`
17 error Exit status 1
18 error Failed at the qipp-services-resource@0.1.0 unit script 'karma start'.
18 error This is most likely a problem with the qipp-services-resource package,
18 error not with npm itself.
18 error Tell the author that this fails on your system:
18 error     karma start
18 error You can get their info via:
18 error     npm owner ls qipp-services-resource
18 error There is likely additional logging output above.
19 verbose exit [ 1, true ]
